#! /c/Source/iverilog-install/bin/vvp
:ivl_version "12.0 (devel)" "(s20150603-1539-g2693dd32b)";
:ivl_delay_selection "TYPICAL";
:vpi_time_precision + 0;
:vpi_module "D:\PROGRA~2\iverilog\lib\ivl\system.vpi";
:vpi_module "D:\PROGRA~2\iverilog\lib\ivl\vhdl_sys.vpi";
:vpi_module "D:\PROGRA~2\iverilog\lib\ivl\vhdl_textio.vpi";
:vpi_module "D:\PROGRA~2\iverilog\lib\ivl\v2005_math.vpi";
:vpi_module "D:\PROGRA~2\iverilog\lib\ivl\va_math.vpi";
S_000002aaaf6e2d20 .scope module, "instruction_memory" "instruction_memory" 2 2;
 .timescale 0 0;
    .port_info 0 /INPUT 32 "pc";
    .port_info 1 /OUTPUT 1 "instruction";
v000002aaaf6e3750_0 .net *"_ivl_0", 31 0, L_000002aaaf6e3130;  1 drivers
v000002aaaf6e2eb0_0 .var/i "i", 31 0;
v000002aaaf6e2f50 .array "im", 1 0, 31 0;
v000002aaaf6e2ff0_0 .net "instruction", 0 0, L_000002aaaf52e5f0;  1 drivers
o000002aaaf717048 .functor BUFZ 32, C4<zzzzzzzzzzzzzzzzzzzzzzzzzzzzzzzz>; HiZ drive
v000002aaaf6e3090_0 .net "pc", 31 0, o000002aaaf717048;  0 drivers
L_000002aaaf6e3130 .array/port v000002aaaf6e2f50, o000002aaaf717048;
L_000002aaaf52e5f0 .part L_000002aaaf6e3130, 0, 1;
    .scope S_000002aaaf6e2d20;
T_0 ;
    %vpi_call 2 11 "$readmemh", "data.txt", v000002aaaf6e2f50 {0 0 0};
    %end;
    .thread T_0;
    .scope S_000002aaaf6e2d20;
T_1 ;
    %pushi/vec4 0, 0, 32;
    %store/vec4 v000002aaaf6e2eb0_0, 0, 32;
T_1.0 ;
    %load/vec4 v000002aaaf6e2eb0_0;
    %cmpi/s 2, 0, 32;
    %jmp/0xz T_1.1, 5;
    %vpi_call 2 17 "$display", "IM[%d] = %d", v000002aaaf6e2eb0_0, &A<v000002aaaf6e2f50, v000002aaaf6e2eb0_0 > {0 0 0};
    %load/vec4 v000002aaaf6e2eb0_0;
    %addi 1, 0, 32;
    %store/vec4 v000002aaaf6e2eb0_0, 0, 32;
    %jmp T_1.0;
T_1.1 ;
    %end;
    .thread T_1;
# The file index is used to find the file name in the following table.
:file_names 3;
    "N/A";
    "<interactive>";
    "instruction_memory.v";
